{"timestamp":"2026-01-27T02:15:22.083151Z","level":"info","event":"DAG bundles loaded: dags-folder, example_dags","logger":"airflow.dag_processing.bundles.manager.DagBundlesManager","filename":"manager.py","lineno":179}
{"timestamp":"2026-01-27T02:15:22.083501Z","level":"info","event":"Filling up the DagBag from /opt/airflow/dags/pipeline.py","logger":"airflow.models.dagbag.DagBag","filename":"dagbag.py","lineno":593}
{"timestamp":"2026-01-27T02:15:22.562252Z","level":"warning","event":"The `airflow.decorators.dag` attribute is deprecated. Please use `'airflow.sdk.dag'`.","category":"DeprecatedImportWarning","filename":"/opt/airflow/dags/pipeline.py","lineno":5,"logger":"py.warnings"}
{"timestamp":"2026-01-27T02:15:22.562349Z","level":"warning","event":"The `airflow.decorators.task` attribute is deprecated. Please use `'airflow.sdk.task'`.","category":"DeprecatedImportWarning","filename":"/opt/airflow/dags/pipeline.py","lineno":5,"logger":"py.warnings"}
{"timestamp":"2026-01-27T02:15:22.590817Z","level":"info","event":"Task instance is in running state","logger":"task.stdout"}
{"timestamp":"2026-01-27T02:15:22.590934Z","level":"info","event":" Previous state of the Task instance: TaskInstanceState.QUEUED","logger":"task.stdout"}
{"timestamp":"2026-01-27T02:15:22.591139Z","level":"info","event":"Current task name:download_and_upload","logger":"task.stdout"}
{"timestamp":"2026-01-27T02:15:22.591199Z","level":"info","event":"Dag name:taxi_data_silver_layer","logger":"task.stdout"}
{"timestamp":"2026-01-27T02:15:22.593007Z","level":"info","event":"Downloading data...","logger":"task.stdout"}
{"timestamp":"2026-01-27T02:15:24.547729Z","level":"info","event":"AWS Connection (conn_id='minio_conn', conn_type='aws') credentials retrieved from login and password.","logger":"airflow.providers.amazon.aws.utils.connection_wrapper.AwsConnectionWrapper","filename":"connection_wrapper.py","lineno":331}
{"timestamp":"2026-01-27T02:15:27.284634Z","level":"info","event":"Downloading data...","logger":"task.stdout"}
{"timestamp":"2026-01-27T02:15:28.989354Z","level":"info","event":"AWS Connection (conn_id='minio_conn', conn_type='aws') credentials retrieved from login and password.","logger":"airflow.providers.amazon.aws.utils.connection_wrapper.AwsConnectionWrapper","filename":"connection_wrapper.py","lineno":331}
{"timestamp":"2026-01-27T02:15:29.238462Z","level":"info","event":"Downloading data...","logger":"task.stdout"}
{"timestamp":"2026-01-27T02:15:31.086798Z","level":"info","event":"AWS Connection (conn_id='minio_conn', conn_type='aws') credentials retrieved from login and password.","logger":"airflow.providers.amazon.aws.utils.connection_wrapper.AwsConnectionWrapper","filename":"connection_wrapper.py","lineno":331}
{"timestamp":"2026-01-27T02:15:31.596862Z","level":"info","event":"Downloading data...","logger":"task.stdout"}
{"timestamp":"2026-01-27T02:15:33.383186Z","level":"info","event":"AWS Connection (conn_id='minio_conn', conn_type='aws') credentials retrieved from login and password.","logger":"airflow.providers.amazon.aws.utils.connection_wrapper.AwsConnectionWrapper","filename":"connection_wrapper.py","lineno":331}
{"timestamp":"2026-01-27T02:15:33.685602Z","level":"info","event":"Upload complete!","logger":"task.stdout"}
{"timestamp":"2026-01-27T02:15:33.691102Z","level":"info","event":"Done. Returned value was: None","logger":"airflow.task.operators.airflow.providers.standard.decorators.python._PythonDecoratedOperator","filename":"python.py","lineno":216}
{"timestamp":"2026-01-27T02:15:33.706614Z","level":"info","event":"Task instance in success state","logger":"task.stdout"}
{"timestamp":"2026-01-27T02:15:33.706709Z","level":"info","event":" Previous state of the Task instance: TaskInstanceState.RUNNING","logger":"task.stdout"}
{"timestamp":"2026-01-27T02:15:33.707536Z","level":"info","event":"Task operator:<Task(_PythonDecoratedOperator): download_and_upload>","logger":"task.stdout"}
