{"timestamp":"2026-01-27T13:42:01.803704Z","level":"info","event":"DAG bundles loaded: dags-folder, example_dags","logger":"airflow.dag_processing.bundles.manager.DagBundlesManager","filename":"manager.py","lineno":179}
{"timestamp":"2026-01-27T13:42:01.804075Z","level":"info","event":"Filling up the DagBag from /opt/airflow/dags/pipeline.py","logger":"airflow.models.dagbag.DagBag","filename":"dagbag.py","lineno":593}
{"timestamp":"2026-01-27T13:42:01.897713Z","level":"warning","event":"The `airflow.decorators.dag` attribute is deprecated. Please use `'airflow.sdk.dag'`.","category":"DeprecatedImportWarning","filename":"/opt/airflow/dags/pipeline.py","lineno":5,"logger":"py.warnings"}
{"timestamp":"2026-01-27T13:42:01.897800Z","level":"warning","event":"The `airflow.decorators.task` attribute is deprecated. Please use `'airflow.sdk.task'`.","category":"DeprecatedImportWarning","filename":"/opt/airflow/dags/pipeline.py","lineno":5,"logger":"py.warnings"}
{"timestamp":"2026-01-27T13:42:01.912026Z","level":"info","event":"Task instance is in running state","logger":"task.stdout"}
{"timestamp":"2026-01-27T13:42:01.912168Z","level":"info","event":" Previous state of the Task instance: TaskInstanceState.QUEUED","logger":"task.stdout"}
{"timestamp":"2026-01-27T13:42:01.912262Z","level":"info","event":"Current task name:download_and_upload","logger":"task.stdout"}
{"timestamp":"2026-01-27T13:42:01.912320Z","level":"info","event":"Dag name:taxi_data_silver_layer","logger":"task.stdout"}
{"timestamp":"2026-01-27T13:42:01.913684Z","level":"info","event":"Downloading data...","logger":"task.stdout"}
{"timestamp":"2026-01-27T13:42:03.967536Z","level":"info","event":"AWS Connection (conn_id='minio_conn', conn_type='aws') credentials retrieved from login and password.","logger":"airflow.providers.amazon.aws.utils.connection_wrapper.AwsConnectionWrapper","filename":"connection_wrapper.py","lineno":331}
{"timestamp":"2026-01-27T13:42:05.862018Z","level":"info","event":"Downloading data...","logger":"task.stdout"}
{"timestamp":"2026-01-27T13:42:07.697507Z","level":"info","event":"AWS Connection (conn_id='minio_conn', conn_type='aws') credentials retrieved from login and password.","logger":"airflow.providers.amazon.aws.utils.connection_wrapper.AwsConnectionWrapper","filename":"connection_wrapper.py","lineno":331}
{"timestamp":"2026-01-27T13:42:07.951291Z","level":"info","event":"Downloading data...","logger":"task.stdout"}
{"timestamp":"2026-01-27T13:42:09.809289Z","level":"info","event":"AWS Connection (conn_id='minio_conn', conn_type='aws') credentials retrieved from login and password.","logger":"airflow.providers.amazon.aws.utils.connection_wrapper.AwsConnectionWrapper","filename":"connection_wrapper.py","lineno":331}
{"timestamp":"2026-01-27T13:42:10.293121Z","level":"info","event":"Downloading data...","logger":"task.stdout"}
{"timestamp":"2026-01-27T13:42:12.038370Z","level":"info","event":"AWS Connection (conn_id='minio_conn', conn_type='aws') credentials retrieved from login and password.","logger":"airflow.providers.amazon.aws.utils.connection_wrapper.AwsConnectionWrapper","filename":"connection_wrapper.py","lineno":331}
{"timestamp":"2026-01-27T13:42:12.307540Z","level":"info","event":"Upload complete!","logger":"task.stdout"}
{"timestamp":"2026-01-27T13:42:12.318724Z","level":"info","event":"Done. Returned value was: None","logger":"airflow.task.operators.airflow.providers.standard.decorators.python._PythonDecoratedOperator","filename":"python.py","lineno":216}
{"timestamp":"2026-01-27T13:42:12.330886Z","level":"info","event":"Task instance in success state","logger":"task.stdout"}
{"timestamp":"2026-01-27T13:42:12.331049Z","level":"info","event":" Previous state of the Task instance: TaskInstanceState.RUNNING","logger":"task.stdout"}
{"timestamp":"2026-01-27T13:42:12.331521Z","level":"info","event":"Task operator:<Task(_PythonDecoratedOperator): download_and_upload>","logger":"task.stdout"}
