{"timestamp":"2026-01-27T14:25:07.877353Z","level":"info","event":"DAG bundles loaded: dags-folder, example_dags","logger":"airflow.dag_processing.bundles.manager.DagBundlesManager","filename":"manager.py","lineno":179}
{"timestamp":"2026-01-27T14:25:07.877685Z","level":"info","event":"Filling up the DagBag from /opt/airflow/dags/pipeline.py","logger":"airflow.models.dagbag.DagBag","filename":"dagbag.py","lineno":593}
{"timestamp":"2026-01-27T14:25:07.973292Z","level":"warning","event":"The `airflow.decorators.dag` attribute is deprecated. Please use `'airflow.sdk.dag'`.","category":"DeprecatedImportWarning","filename":"/opt/airflow/dags/pipeline.py","lineno":5,"logger":"py.warnings"}
{"timestamp":"2026-01-27T14:25:07.973377Z","level":"warning","event":"The `airflow.decorators.task` attribute is deprecated. Please use `'airflow.sdk.task'`.","category":"DeprecatedImportWarning","filename":"/opt/airflow/dags/pipeline.py","lineno":5,"logger":"py.warnings"}
{"timestamp":"2026-01-27T14:25:07.986290Z","level":"info","event":"Task instance is in running state","logger":"task.stdout"}
{"timestamp":"2026-01-27T14:25:07.986396Z","level":"info","event":" Previous state of the Task instance: TaskInstanceState.QUEUED","logger":"task.stdout"}
{"timestamp":"2026-01-27T14:25:07.986649Z","level":"info","event":"Current task name:download_and_upload","logger":"task.stdout"}
{"timestamp":"2026-01-27T14:25:07.986678Z","level":"info","event":"Dag name:taxi_data_silver_layer","logger":"task.stdout"}
{"timestamp":"2026-01-27T14:25:07.987911Z","level":"info","event":"Downloading data...","logger":"task.stdout"}
{"timestamp":"2026-01-27T14:25:09.857386Z","level":"info","event":"AWS Connection (conn_id='minio_conn', conn_type='aws') credentials retrieved from login and password.","logger":"airflow.providers.amazon.aws.utils.connection_wrapper.AwsConnectionWrapper","filename":"connection_wrapper.py","lineno":331}
{"timestamp":"2026-01-27T14:25:12.667630Z","level":"info","event":"Downloading data...","logger":"task.stdout"}
{"timestamp":"2026-01-27T14:25:14.285049Z","level":"info","event":"AWS Connection (conn_id='minio_conn', conn_type='aws') credentials retrieved from login and password.","logger":"airflow.providers.amazon.aws.utils.connection_wrapper.AwsConnectionWrapper","filename":"connection_wrapper.py","lineno":331}
{"timestamp":"2026-01-27T14:25:14.514832Z","level":"info","event":"Downloading data...","logger":"task.stdout"}
{"timestamp":"2026-01-27T14:25:16.206610Z","level":"info","event":"AWS Connection (conn_id='minio_conn', conn_type='aws') credentials retrieved from login and password.","logger":"airflow.providers.amazon.aws.utils.connection_wrapper.AwsConnectionWrapper","filename":"connection_wrapper.py","lineno":331}
{"timestamp":"2026-01-27T14:25:16.684466Z","level":"info","event":"Downloading data...","logger":"task.stdout"}
{"timestamp":"2026-01-27T14:25:18.336237Z","level":"info","event":"AWS Connection (conn_id='minio_conn', conn_type='aws') credentials retrieved from login and password.","logger":"airflow.providers.amazon.aws.utils.connection_wrapper.AwsConnectionWrapper","filename":"connection_wrapper.py","lineno":331}
{"timestamp":"2026-01-27T14:25:18.614567Z","level":"info","event":"Upload complete!","logger":"task.stdout"}
{"timestamp":"2026-01-27T14:25:18.624079Z","level":"info","event":"Done. Returned value was: None","logger":"airflow.task.operators.airflow.providers.standard.decorators.python._PythonDecoratedOperator","filename":"python.py","lineno":216}
{"timestamp":"2026-01-27T14:25:18.640489Z","level":"info","event":"Task instance in success state","logger":"task.stdout"}
{"timestamp":"2026-01-27T14:25:18.640585Z","level":"info","event":" Previous state of the Task instance: TaskInstanceState.RUNNING","logger":"task.stdout"}
{"timestamp":"2026-01-27T14:25:18.640984Z","level":"info","event":"Task operator:<Task(_PythonDecoratedOperator): download_and_upload>","logger":"task.stdout"}
