{"timestamp":"2026-01-27T13:45:57.664922Z","level":"info","event":"DAG bundles loaded: dags-folder, example_dags","logger":"airflow.dag_processing.bundles.manager.DagBundlesManager","filename":"manager.py","lineno":179}
{"timestamp":"2026-01-27T13:45:57.665300Z","level":"info","event":"Filling up the DagBag from /opt/airflow/dags/pipeline.py","logger":"airflow.models.dagbag.DagBag","filename":"dagbag.py","lineno":593}
{"timestamp":"2026-01-27T13:45:57.758145Z","level":"warning","event":"The `airflow.decorators.dag` attribute is deprecated. Please use `'airflow.sdk.dag'`.","category":"DeprecatedImportWarning","filename":"/opt/airflow/dags/pipeline.py","lineno":5,"logger":"py.warnings"}
{"timestamp":"2026-01-27T13:45:57.758231Z","level":"warning","event":"The `airflow.decorators.task` attribute is deprecated. Please use `'airflow.sdk.task'`.","category":"DeprecatedImportWarning","filename":"/opt/airflow/dags/pipeline.py","lineno":5,"logger":"py.warnings"}
{"timestamp":"2026-01-27T13:45:57.772107Z","level":"info","event":"Task instance is in running state","logger":"task.stdout"}
{"timestamp":"2026-01-27T13:45:57.772273Z","level":"info","event":" Previous state of the Task instance: TaskInstanceState.QUEUED","logger":"task.stdout"}
{"timestamp":"2026-01-27T13:45:57.772450Z","level":"info","event":"Current task name:download_and_upload","logger":"task.stdout"}
{"timestamp":"2026-01-27T13:45:57.772499Z","level":"info","event":"Dag name:taxi_data_silver_layer","logger":"task.stdout"}
{"timestamp":"2026-01-27T13:45:57.773994Z","level":"info","event":"Downloading data...","logger":"task.stdout"}
{"timestamp":"2026-01-27T13:45:59.987859Z","level":"info","event":"AWS Connection (conn_id='minio_conn', conn_type='aws') credentials retrieved from login and password.","logger":"airflow.providers.amazon.aws.utils.connection_wrapper.AwsConnectionWrapper","filename":"connection_wrapper.py","lineno":331}
{"timestamp":"2026-01-27T13:46:01.734817Z","level":"info","event":"Downloading data...","logger":"task.stdout"}
{"timestamp":"2026-01-27T13:46:03.345233Z","level":"info","event":"AWS Connection (conn_id='minio_conn', conn_type='aws') credentials retrieved from login and password.","logger":"airflow.providers.amazon.aws.utils.connection_wrapper.AwsConnectionWrapper","filename":"connection_wrapper.py","lineno":331}
{"timestamp":"2026-01-27T13:46:03.780214Z","level":"info","event":"Downloading data...","logger":"task.stdout"}
{"timestamp":"2026-01-27T13:46:05.616747Z","level":"info","event":"AWS Connection (conn_id='minio_conn', conn_type='aws') credentials retrieved from login and password.","logger":"airflow.providers.amazon.aws.utils.connection_wrapper.AwsConnectionWrapper","filename":"connection_wrapper.py","lineno":331}
{"timestamp":"2026-01-27T13:46:05.861921Z","level":"info","event":"Downloading data...","logger":"task.stdout"}
{"timestamp":"2026-01-27T13:46:07.580628Z","level":"info","event":"AWS Connection (conn_id='minio_conn', conn_type='aws') credentials retrieved from login and password.","logger":"airflow.providers.amazon.aws.utils.connection_wrapper.AwsConnectionWrapper","filename":"connection_wrapper.py","lineno":331}
{"timestamp":"2026-01-27T13:46:07.849655Z","level":"info","event":"Upload complete!","logger":"task.stdout"}
{"timestamp":"2026-01-27T13:46:07.860072Z","level":"info","event":"Done. Returned value was: None","logger":"airflow.task.operators.airflow.providers.standard.decorators.python._PythonDecoratedOperator","filename":"python.py","lineno":216}
{"timestamp":"2026-01-27T13:46:07.873254Z","level":"info","event":"Task instance in success state","logger":"task.stdout"}
{"timestamp":"2026-01-27T13:46:07.873363Z","level":"info","event":" Previous state of the Task instance: TaskInstanceState.RUNNING","logger":"task.stdout"}
{"timestamp":"2026-01-27T13:46:07.874166Z","level":"info","event":"Task operator:<Task(_PythonDecoratedOperator): download_and_upload>","logger":"task.stdout"}
