{"timestamp":"2026-01-26T21:48:21.837931Z","level":"info","event":"DAG bundles loaded: dags-folder, example_dags","logger":"airflow.dag_processing.bundles.manager.DagBundlesManager","filename":"manager.py","lineno":179}
{"timestamp":"2026-01-26T21:48:21.838265Z","level":"info","event":"Filling up the DagBag from /opt/airflow/dags/pipeline.py","logger":"airflow.models.dagbag.DagBag","filename":"dagbag.py","lineno":593}
{"timestamp":"2026-01-26T21:48:21.896211Z","level":"warning","event":"The `airflow.operators.python.PythonOperator` attribute is deprecated. Please use `'airflow.providers.standard.operators.python.PythonOperator'`.","category":"DeprecatedImportWarning","filename":"/opt/airflow/dags/pipeline.py","lineno":5,"logger":"py.warnings"}
{"timestamp":"2026-01-26T21:48:21.909855Z","level":"info","event":"Task instance is in running state","logger":"task.stdout"}
{"timestamp":"2026-01-26T21:48:21.909951Z","level":"info","event":" Previous state of the Task instance: TaskInstanceState.QUEUED","logger":"task.stdout"}
{"timestamp":"2026-01-26T21:48:21.910065Z","level":"info","event":"Current task name:ingest_to_minio","logger":"task.stdout"}
{"timestamp":"2026-01-26T21:48:21.910115Z","level":"info","event":"Dag name:seed_bronze_layer","logger":"task.stdout"}
{"timestamp":"2026-01-26T21:48:21.911191Z","level":"info","event":"Downloading data...","logger":"task.stdout"}
{"timestamp":"2026-01-26T21:48:23.906192Z","level":"info","event":"AWS Connection (conn_id='minio_conn', conn_type='aws') credentials retrieved from login and password.","logger":"airflow.providers.amazon.aws.utils.connection_wrapper.AwsConnectionWrapper","filename":"connection_wrapper.py","lineno":331}
{"timestamp":"2026-01-26T21:48:25.551269Z","level":"info","event":"Downloading data...","logger":"task.stdout"}
{"timestamp":"2026-01-26T21:48:27.414610Z","level":"info","event":"AWS Connection (conn_id='minio_conn', conn_type='aws') credentials retrieved from login and password.","logger":"airflow.providers.amazon.aws.utils.connection_wrapper.AwsConnectionWrapper","filename":"connection_wrapper.py","lineno":331}
{"timestamp":"2026-01-26T21:48:27.828942Z","level":"info","event":"Downloading data...","logger":"task.stdout"}
{"timestamp":"2026-01-26T21:48:29.907133Z","level":"info","event":"AWS Connection (conn_id='minio_conn', conn_type='aws') credentials retrieved from login and password.","logger":"airflow.providers.amazon.aws.utils.connection_wrapper.AwsConnectionWrapper","filename":"connection_wrapper.py","lineno":331}
{"timestamp":"2026-01-26T21:48:30.148704Z","level":"info","event":"Downloading data...","logger":"task.stdout"}
{"timestamp":"2026-01-26T21:48:32.080907Z","level":"info","event":"AWS Connection (conn_id='minio_conn', conn_type='aws') credentials retrieved from login and password.","logger":"airflow.providers.amazon.aws.utils.connection_wrapper.AwsConnectionWrapper","filename":"connection_wrapper.py","lineno":331}
{"timestamp":"2026-01-26T21:48:32.321527Z","level":"info","event":"Upload complete!","logger":"task.stdout"}
{"timestamp":"2026-01-26T21:48:32.327449Z","level":"info","event":"Done. Returned value was: None","logger":"airflow.task.operators.airflow.providers.standard.operators.python.PythonOperator","filename":"python.py","lineno":216}
{"timestamp":"2026-01-26T21:48:32.340523Z","level":"info","event":"Task instance in success state","logger":"task.stdout"}
{"timestamp":"2026-01-26T21:48:32.340605Z","level":"info","event":" Previous state of the Task instance: TaskInstanceState.RUNNING","logger":"task.stdout"}
{"timestamp":"2026-01-26T21:48:32.341424Z","level":"info","event":"Task operator:<Task(PythonOperator): ingest_to_minio>","logger":"task.stdout"}
